<?xml version="1.0" encoding="UTF-8"?>
<coverage generated="1676099439568" clover="3.2.0">
  <project timestamp="1676099439569" name="All files">
    <metrics statements="70" coveredstatements="68" conditionals="40" coveredconditionals="38" methods="23" coveredmethods="23" elements="133" coveredelements="129" complexity="0" loc="70" ncloc="70" packages="2" files="8" classes="8"/>
    <package name="src">
      <metrics statements="24" coveredstatements="24" conditionals="13" coveredconditionals="13" methods="9" coveredmethods="9"/>
      <file name="compare.js" path="/home/nikita/projects/frontend-project-46/src/compare.js">
        <metrics statements="12" coveredstatements="12" conditionals="10" coveredconditionals="10" methods="4" coveredmethods="4"/>
        <line num="3" count="186" type="stmt"/>
        <line num="5" count="96" type="stmt"/>
        <line num="7" count="1" type="stmt"/>
        <line num="8" count="30" type="stmt"/>
        <line num="13" count="30" type="stmt"/>
        <line num="16" count="108" type="cond" truecount="2" falsecount="0"/>
        <line num="18" count="78" type="cond" truecount="2" falsecount="0"/>
        <line num="20" count="66" type="cond" truecount="4" falsecount="0"/>
        <line num="21" count="24" type="stmt"/>
        <line num="22" count="24" type="stmt"/>
        <line num="25" count="42" type="cond" truecount="2" falsecount="0"/>
        <line num="27" count="24" type="stmt"/>
      </file>
      <file name="index.js" path="/home/nikita/projects/frontend-project-46/src/index.js">
        <metrics statements="7" coveredstatements="7" conditionals="1" coveredconditionals="1" methods="1" coveredmethods="1"/>
        <line num="6" count="1" type="cond" truecount="1" falsecount="0"/>
        <line num="7" count="6" type="stmt"/>
        <line num="8" count="6" type="stmt"/>
        <line num="10" count="6" type="stmt"/>
        <line num="11" count="6" type="stmt"/>
        <line num="13" count="6" type="stmt"/>
        <line num="15" count="6" type="stmt"/>
      </file>
      <file name="parsers.js" path="/home/nikita/projects/frontend-project-46/src/parsers.js">
        <metrics statements="2" coveredstatements="2" conditionals="0" coveredconditionals="0" methods="1" coveredmethods="1"/>
        <line num="3" count="1" type="stmt"/>
        <line num="8" count="12" type="stmt"/>
      </file>
      <file name="tools.js" path="/home/nikita/projects/frontend-project-46/src/tools.js">
        <metrics statements="3" coveredstatements="3" conditionals="2" coveredconditionals="2" methods="3" coveredmethods="3"/>
        <line num="4" count="12" type="stmt"/>
        <line num="6" count="18" type="stmt"/>
        <line num="8" count="134" type="cond" truecount="2" falsecount="0"/>
      </file>
    </package>
    <package name="src.formatters">
      <metrics statements="46" coveredstatements="44" conditionals="27" coveredconditionals="25" methods="14" coveredmethods="14"/>
      <file name="index.js" path="/home/nikita/projects/frontend-project-46/src/formatters/index.js">
        <metrics statements="2" coveredstatements="2" conditionals="0" coveredconditionals="0" methods="1" coveredmethods="1"/>
        <line num="5" count="1" type="stmt"/>
        <line num="11" count="6" type="stmt"/>
      </file>
      <file name="json.js" path="/home/nikita/projects/frontend-project-46/src/formatters/json.js">
        <metrics statements="12" coveredstatements="12" conditionals="6" coveredconditionals="6" methods="4" coveredmethods="4"/>
        <line num="3" count="1" type="stmt"/>
        <line num="4" count="54" type="cond" truecount="2" falsecount="0"/>
        <line num="5" count="14" type="stmt"/>
        <line num="7" count="18" type="stmt"/>
        <line num="8" count="14" type="stmt"/>
        <line num="11" count="40" type="stmt"/>
        <line num="14" count="1" type="stmt"/>
        <line num="15" count="10" type="stmt"/>
        <line num="16" count="36" type="cond" truecount="2" falsecount="0"/>
        <line num="18" count="28" type="cond" truecount="2" falsecount="0"/>
        <line num="20" count="20" type="stmt"/>
        <line num="23" count="10" type="stmt"/>
      </file>
      <file name="plain.js" path="/home/nikita/projects/frontend-project-46/src/formatters/plain.js">
        <metrics statements="14" coveredstatements="13" conditionals="13" coveredconditionals="12" methods="4" coveredmethods="4"/>
        <line num="3" count="1" type="stmt"/>
        <line num="4" count="26" type="cond" truecount="2" falsecount="0"/>
        <line num="6" count="20" type="cond" truecount="2" falsecount="0"/>
        <line num="8" count="6" type="stmt"/>
        <line num="11" count="10" type="cond" truecount="1" falsecount="0"/>
        <line num="13" count="36" type="cond" truecount="2" falsecount="0"/>
        <line num="15" count="36" type="cond" truecount="5" falsecount="1"/>
        <line num="17" count="8" type="stmt"/>
        <line num="19" count="6" type="stmt"/>
        <line num="21" count="4" type="stmt"/>
        <line num="23" count="10" type="stmt"/>
        <line num="25" count="8" type="stmt"/>
        <line num="27" count="0" type="stmt"/>
        <line num="30" count="36" type="stmt"/>
      </file>
      <file name="stylish.js" path="/home/nikita/projects/frontend-project-46/src/formatters/stylish.js">
        <metrics statements="18" coveredstatements="17" conditionals="8" coveredconditionals="7" methods="5" coveredmethods="5"/>
        <line num="3" count="1" type="stmt"/>
        <line num="4" count="1" type="stmt"/>
        <line num="5" count="1" type="stmt"/>
        <line num="7" count="1" type="stmt"/>
        <line num="8" count="54" type="cond" truecount="2" falsecount="0"/>
        <line num="10" count="14" type="stmt"/>
        <line num="12" count="18" type="stmt"/>
        <line num="14" count="14" type="stmt"/>
        <line num="21" count="1" type="stmt"/>
        <line num="22" count="10" type="stmt"/>
        <line num="29" count="36" type="stmt"/>
        <line num="31" count="36" type="stmt"/>
        <line num="37" count="36" type="cond" truecount="5" falsecount="1"/>
        <line num="41" count="20" type="stmt"/>
        <line num="43" count="8" type="stmt"/>
        <line num="48" count="8" type="stmt"/>
        <line num="54" count="0" type="stmt"/>
        <line num="58" count="2" type="stmt"/>
      </file>
    </package>
  </project>
</coverage>
