{"/home/nikita/projects/frontend-project-46/src/compare.js": {"path":"/home/nikita/projects/frontend-project-46/src/compare.js","statementMap":{"0":{"start":{"line":3,"column":22},"end":{"line":3,"column":88}},"1":{"start":{"line":3,"column":39},"end":{"line":3,"column":88}},"2":{"start":{"line":5,"column":22},"end":{"line":5,"column":94}},"3":{"start":{"line":5,"column":34},"end":{"line":5,"column":94}},"4":{"start":{"line":7,"column":23},"end":{"line":34,"column":1}},"5":{"start":{"line":8,"column":21},"end":{"line":11,"column":4}},"6":{"start":{"line":13,"column":2},"end":{"line":33,"column":7}},"7":{"start":{"line":16,"column":6},"end":{"line":16,"column":97}},"8":{"start":{"line":16,"column":40},"end":{"line":16,"column":97}},"9":{"start":{"line":18,"column":6},"end":{"line":18,"column":99}},"10":{"start":{"line":18,"column":40},"end":{"line":18,"column":99}},"11":{"start":{"line":20,"column":6},"end":{"line":23,"column":7}},"12":{"start":{"line":21,"column":25},"end":{"line":21,"column":67}},"13":{"start":{"line":22,"column":8},"end":{"line":22,"column":62}},"14":{"start":{"line":25,"column":6},"end":{"line":25,"column":102}},"15":{"start":{"line":25,"column":41},"end":{"line":25,"column":102}},"16":{"start":{"line":27,"column":6},"end":{"line":32,"column":8}}},"fnMap":{"0":{"name":"(anonymous_0)","decl":{"start":{"line":3,"column":22},"end":{"line":3,"column":23}},"loc":{"start":{"line":3,"column":39},"end":{"line":3,"column":88}},"line":3},"1":{"name":"(anonymous_1)","decl":{"start":{"line":5,"column":22},"end":{"line":5,"column":23}},"loc":{"start":{"line":5,"column":34},"end":{"line":5,"column":94}},"line":5},"2":{"name":"(anonymous_2)","decl":{"start":{"line":7,"column":23},"end":{"line":7,"column":24}},"loc":{"start":{"line":7,"column":45},"end":{"line":34,"column":1}},"line":7},"3":{"name":"(anonymous_3)","decl":{"start":{"line":15,"column":9},"end":{"line":15,"column":10}},"loc":{"start":{"line":15,"column":18},"end":{"line":33,"column":5}},"line":15}},"branchMap":{"0":{"loc":{"start":{"line":16,"column":6},"end":{"line":16,"column":97}},"type":"if","locations":[{"start":{"line":16,"column":6},"end":{"line":16,"column":97}},{"start":{},"end":{}}],"line":16},"1":{"loc":{"start":{"line":18,"column":6},"end":{"line":18,"column":99}},"type":"if","locations":[{"start":{"line":18,"column":6},"end":{"line":18,"column":99}},{"start":{},"end":{}}],"line":18},"2":{"loc":{"start":{"line":20,"column":6},"end":{"line":23,"column":7}},"type":"if","locations":[{"start":{"line":20,"column":6},"end":{"line":23,"column":7}},{"start":{},"end":{}}],"line":20},"3":{"loc":{"start":{"line":20,"column":10},"end":{"line":20,"column":68}},"type":"binary-expr","locations":[{"start":{"line":20,"column":10},"end":{"line":20,"column":37}},{"start":{"line":20,"column":41},"end":{"line":20,"column":68}}],"line":20},"4":{"loc":{"start":{"line":25,"column":6},"end":{"line":25,"column":102}},"type":"if","locations":[{"start":{"line":25,"column":6},"end":{"line":25,"column":102}},{"start":{},"end":{}}],"line":25}},"s":{"0":1,"1":186,"2":1,"3":96,"4":1,"5":30,"6":30,"7":108,"8":30,"9":78,"10":12,"11":66,"12":24,"13":24,"14":42,"15":18,"16":24},"f":{"0":186,"1":96,"2":30,"3":108},"b":{"0":[30,78],"1":[12,66],"2":[24,42],"3":[66,30],"4":[18,24]},"_coverageSchema":"1a1c01bbd47fc00a2c39e90264f33305004495a9","hash":"e807f9cb18cc9f99b68621ea488755ee6a1995c2"}
,"/home/nikita/projects/frontend-project-46/src/index.js": {"path":"/home/nikita/projects/frontend-project-46/src/index.js","statementMap":{"0":{"start":{"line":6,"column":16},"end":{"line":16,"column":1}},"1":{"start":{"line":7,"column":16},"end":{"line":7,"column":35}},"2":{"start":{"line":8,"column":16},"end":{"line":8,"column":35}},"3":{"start":{"line":10,"column":18},"end":{"line":10,"column":55}},"4":{"start":{"line":11,"column":18},"end":{"line":11,"column":55}},"5":{"start":{"line":13,"column":19},"end":{"line":13,"column":51}},"6":{"start":{"line":15,"column":2},"end":{"line":15,"column":42}}},"fnMap":{"0":{"name":"(anonymous_0)","decl":{"start":{"line":6,"column":16},"end":{"line":6,"column":17}},"loc":{"start":{"line":6,"column":66},"end":{"line":16,"column":1}},"line":6}},"branchMap":{"0":{"loc":{"start":{"line":6,"column":39},"end":{"line":6,"column":61}},"type":"default-arg","locations":[{"start":{"line":6,"column":52},"end":{"line":6,"column":61}}],"line":6}},"s":{"0":1,"1":6,"2":6,"3":6,"4":6,"5":6,"6":6},"f":{"0":6},"b":{"0":[2]},"_coverageSchema":"1a1c01bbd47fc00a2c39e90264f33305004495a9","hash":"2aecb936bcba3c6fa21a352632a79bdfdaf89d72"}
,"/home/nikita/projects/frontend-project-46/src/parsers.js": {"path":"/home/nikita/projects/frontend-project-46/src/parsers.js","statementMap":{"0":{"start":{"line":3,"column":23},"end":{"line":6,"column":1}},"1":{"start":{"line":8,"column":14},"end":{"line":8,"column":66}},"2":{"start":{"line":8,"column":35},"end":{"line":8,"column":66}}},"fnMap":{"0":{"name":"(anonymous_0)","decl":{"start":{"line":8,"column":14},"end":{"line":8,"column":15}},"loc":{"start":{"line":8,"column":35},"end":{"line":8,"column":66}},"line":8}},"branchMap":{},"s":{"0":1,"1":1,"2":12},"f":{"0":12},"b":{},"_coverageSchema":"1a1c01bbd47fc00a2c39e90264f33305004495a9","hash":"ef4878d1e29ae7339d0822437e58098ed3804da3"}
,"/home/nikita/projects/frontend-project-46/src/tools.js": {"path":"/home/nikita/projects/frontend-project-46/src/tools.js","statementMap":{"0":{"start":{"line":4,"column":28},"end":{"line":4,"column":73}},"1":{"start":{"line":4,"column":42},"end":{"line":4,"column":73}},"2":{"start":{"line":6,"column":24},"end":{"line":6,"column":85}},"3":{"start":{"line":6,"column":38},"end":{"line":6,"column":85}},"4":{"start":{"line":8,"column":24},"end":{"line":8,"column":77}},"5":{"start":{"line":8,"column":35},"end":{"line":8,"column":76}}},"fnMap":{"0":{"name":"(anonymous_0)","decl":{"start":{"line":4,"column":28},"end":{"line":4,"column":29}},"loc":{"start":{"line":4,"column":42},"end":{"line":4,"column":73}},"line":4},"1":{"name":"(anonymous_1)","decl":{"start":{"line":6,"column":24},"end":{"line":6,"column":25}},"loc":{"start":{"line":6,"column":38},"end":{"line":6,"column":85}},"line":6},"2":{"name":"(anonymous_2)","decl":{"start":{"line":8,"column":24},"end":{"line":8,"column":25}},"loc":{"start":{"line":8,"column":35},"end":{"line":8,"column":76}},"line":8}},"branchMap":{"0":{"loc":{"start":{"line":8,"column":35},"end":{"line":8,"column":76}},"type":"binary-expr","locations":[{"start":{"line":8,"column":35},"end":{"line":8,"column":59}},{"start":{"line":8,"column":63},"end":{"line":8,"column":76}}],"line":8}},"s":{"0":1,"1":12,"2":1,"3":18,"4":1,"5":134},"f":{"0":12,"1":18,"2":134},"b":{"0":[134,40]},"_coverageSchema":"1a1c01bbd47fc00a2c39e90264f33305004495a9","hash":"8c69e08068f24892109d150ae288d8f45bf52562"}
,"/home/nikita/projects/frontend-project-46/src/formatters/index.js": {"path":"/home/nikita/projects/frontend-project-46/src/formatters/index.js","statementMap":{"0":{"start":{"line":5,"column":20},"end":{"line":9,"column":1}},"1":{"start":{"line":11,"column":33},"end":{"line":11,"column":58}}},"fnMap":{"0":{"name":"(anonymous_0)","decl":{"start":{"line":11,"column":15},"end":{"line":11,"column":16}},"loc":{"start":{"line":11,"column":33},"end":{"line":11,"column":58}},"line":11}},"branchMap":{},"s":{"0":1,"1":6},"f":{"0":6},"b":{},"_coverageSchema":"1a1c01bbd47fc00a2c39e90264f33305004495a9","hash":"dbf49295fe73334ed24541844f43b850a6e95654"}
,"/home/nikita/projects/frontend-project-46/src/formatters/json.js": {"path":"/home/nikita/projects/frontend-project-46/src/formatters/json.js","statementMap":{"0":{"start":{"line":3,"column":17},"end":{"line":12,"column":1}},"1":{"start":{"line":4,"column":2},"end":{"line":9,"column":3}},"2":{"start":{"line":5,"column":20},"end":{"line":7,"column":55}},"3":{"start":{"line":7,"column":27},"end":{"line":7,"column":54}},"4":{"start":{"line":8,"column":4},"end":{"line":8,"column":33}},"5":{"start":{"line":11,"column":2},"end":{"line":11,"column":15}},"6":{"start":{"line":14,"column":19},"end":{"line":24,"column":1}},"7":{"start":{"line":15,"column":15},"end":{"line":21,"column":4}},"8":{"start":{"line":16,"column":4},"end":{"line":16,"column":127}},"9":{"start":{"line":16,"column":35},"end":{"line":16,"column":127}},"10":{"start":{"line":18,"column":4},"end":{"line":18,"column":182}},"11":{"start":{"line":18,"column":36},"end":{"line":18,"column":182}},"12":{"start":{"line":20,"column":4},"end":{"line":20,"column":102}},"13":{"start":{"line":23,"column":2},"end":{"line":23,"column":38}}},"fnMap":{"0":{"name":"(anonymous_0)","decl":{"start":{"line":3,"column":17},"end":{"line":3,"column":18}},"loc":{"start":{"line":3,"column":28},"end":{"line":12,"column":1}},"line":3},"1":{"name":"(anonymous_1)","decl":{"start":{"line":7,"column":11},"end":{"line":7,"column":12}},"loc":{"start":{"line":7,"column":27},"end":{"line":7,"column":54}},"line":7},"2":{"name":"(anonymous_2)","decl":{"start":{"line":14,"column":19},"end":{"line":14,"column":20}},"loc":{"start":{"line":14,"column":29},"end":{"line":24,"column":1}},"line":14},"3":{"name":"(anonymous_3)","decl":{"start":{"line":15,"column":24},"end":{"line":15,"column":25}},"loc":{"start":{"line":15,"column":37},"end":{"line":21,"column":3}},"line":15}},"branchMap":{"0":{"loc":{"start":{"line":4,"column":2},"end":{"line":9,"column":3}},"type":"if","locations":[{"start":{"line":4,"column":2},"end":{"line":9,"column":3}},{"start":{},"end":{}}],"line":4},"1":{"loc":{"start":{"line":16,"column":4},"end":{"line":16,"column":127}},"type":"if","locations":[{"start":{"line":16,"column":4},"end":{"line":16,"column":127}},{"start":{},"end":{}}],"line":16},"2":{"loc":{"start":{"line":18,"column":4},"end":{"line":18,"column":182}},"type":"if","locations":[{"start":{"line":18,"column":4},"end":{"line":18,"column":182}},{"start":{},"end":{}}],"line":18}},"s":{"0":1,"1":54,"2":14,"3":18,"4":14,"5":40,"6":1,"7":10,"8":36,"9":8,"10":28,"11":8,"12":20,"13":10},"f":{"0":54,"1":18,"2":10,"3":36},"b":{"0":[14,40],"1":[8,28],"2":[8,20]},"_coverageSchema":"1a1c01bbd47fc00a2c39e90264f33305004495a9","hash":"b50a8b9ecfe5f6cc928d2d1e3d420bcc5ec77266"}
,"/home/nikita/projects/frontend-project-46/src/formatters/plain.js": {"path":"/home/nikita/projects/frontend-project-46/src/formatters/plain.js","statementMap":{"0":{"start":{"line":3,"column":17},"end":{"line":9,"column":1}},"1":{"start":{"line":4,"column":2},"end":{"line":4,"column":54}},"2":{"start":{"line":4,"column":29},"end":{"line":4,"column":54}},"3":{"start":{"line":6,"column":2},"end":{"line":6,"column":65}},"4":{"start":{"line":6,"column":39},"end":{"line":6,"column":65}},"5":{"start":{"line":8,"column":2},"end":{"line":8,"column":21}},"6":{"start":{"line":11,"column":26},"end":{"line":31,"column":13}},"7":{"start":{"line":11,"column":53},"end":{"line":31,"column":13}},"8":{"start":{"line":13,"column":21},"end":{"line":13,"column":89}},"9":{"start":{"line":15,"column":4},"end":{"line":28,"column":5}},"10":{"start":{"line":17,"column":8},"end":{"line":17,"column":58}},"11":{"start":{"line":19,"column":8},"end":{"line":19,"column":20}},"12":{"start":{"line":21,"column":8},"end":{"line":21,"column":41}},"13":{"start":{"line":23,"column":8},"end":{"line":23,"column":78}},"14":{"start":{"line":25,"column":8},"end":{"line":25,"column":110}},"15":{"start":{"line":27,"column":8},"end":{"line":27,"column":65}},"16":{"start":{"line":30,"column":23},"end":{"line":30,"column":39}}},"fnMap":{"0":{"name":"(anonymous_0)","decl":{"start":{"line":3,"column":17},"end":{"line":3,"column":18}},"loc":{"start":{"line":3,"column":34},"end":{"line":9,"column":1}},"line":3},"1":{"name":"(anonymous_1)","decl":{"start":{"line":11,"column":26},"end":{"line":11,"column":27}},"loc":{"start":{"line":11,"column":53},"end":{"line":31,"column":13}},"line":11},"2":{"name":"(anonymous_2)","decl":{"start":{"line":12,"column":11},"end":{"line":12,"column":12}},"loc":{"start":{"line":12,"column":24},"end":{"line":29,"column":3}},"line":12},"3":{"name":"(anonymous_3)","decl":{"start":{"line":30,"column":10},"end":{"line":30,"column":11}},"loc":{"start":{"line":30,"column":23},"end":{"line":30,"column":39}},"line":30}},"branchMap":{"0":{"loc":{"start":{"line":4,"column":2},"end":{"line":4,"column":54}},"type":"if","locations":[{"start":{"line":4,"column":2},"end":{"line":4,"column":54}},{"start":{},"end":{}}],"line":4},"1":{"loc":{"start":{"line":6,"column":2},"end":{"line":6,"column":65}},"type":"if","locations":[{"start":{"line":6,"column":2},"end":{"line":6,"column":65}},{"start":{},"end":{}}],"line":6},"2":{"loc":{"start":{"line":11,"column":33},"end":{"line":11,"column":48}},"type":"default-arg","locations":[{"start":{"line":11,"column":46},"end":{"line":11,"column":48}}],"line":11},"3":{"loc":{"start":{"line":13,"column":21},"end":{"line":13,"column":89}},"type":"cond-expr","locations":[{"start":{"line":13,"column":43},"end":{"line":13,"column":55}},{"start":{"line":13,"column":58},"end":{"line":13,"column":89}}],"line":13},"4":{"loc":{"start":{"line":15,"column":4},"end":{"line":28,"column":5}},"type":"switch","locations":[{"start":{"line":16,"column":6},"end":{"line":17,"column":58}},{"start":{"line":18,"column":6},"end":{"line":19,"column":20}},{"start":{"line":20,"column":6},"end":{"line":21,"column":41}},{"start":{"line":22,"column":6},"end":{"line":23,"column":78}},{"start":{"line":24,"column":6},"end":{"line":25,"column":110}},{"start":{"line":26,"column":6},"end":{"line":27,"column":65}}],"line":15}},"s":{"0":1,"1":26,"2":6,"3":20,"4":14,"5":6,"6":1,"7":10,"8":36,"9":36,"10":8,"11":6,"12":4,"13":10,"14":8,"15":0,"16":36},"f":{"0":26,"1":10,"2":36,"3":36},"b":{"0":[6,20],"1":[14,6],"2":[2],"3":[8,28],"4":[8,6,4,10,8,0]},"_coverageSchema":"1a1c01bbd47fc00a2c39e90264f33305004495a9","hash":"5fcbd555062c1b81088297f657eff24b16f70d24"}
,"/home/nikita/projects/frontend-project-46/src/formatters/stylish.js": {"path":"/home/nikita/projects/frontend-project-46/src/formatters/stylish.js","statementMap":{"0":{"start":{"line":3,"column":20},"end":{"line":3,"column":23}},"1":{"start":{"line":4,"column":21},"end":{"line":4,"column":24}},"2":{"start":{"line":5,"column":15},"end":{"line":5,"column":18}},"3":{"start":{"line":7,"column":21},"end":{"line":19,"column":1}},"4":{"start":{"line":8,"column":2},"end":{"line":8,"column":37}},"5":{"start":{"line":8,"column":24},"end":{"line":8,"column":37}},"6":{"start":{"line":10,"column":17},"end":{"line":12,"column":96}},"7":{"start":{"line":12,"column":25},"end":{"line":12,"column":95}},"8":{"start":{"line":14,"column":2},"end":{"line":18,"column":15}},"9":{"start":{"line":21,"column":18},"end":{"line":59,"column":1}},"10":{"start":{"line":22,"column":21},"end":{"line":56,"column":4}},"11":{"start":{"line":22,"column":45},"end":{"line":56,"column":4}},"12":{"start":{"line":29,"column":8},"end":{"line":29,"column":15}},"13":{"start":{"line":31,"column":23},"end":{"line":35,"column":5}},"14":{"start":{"line":37,"column":4},"end":{"line":55,"column":5}},"15":{"start":{"line":41,"column":8},"end":{"line":41,"column":103}},"16":{"start":{"line":43,"column":8},"end":{"line":46,"column":10}},"17":{"start":{"line":48,"column":8},"end":{"line":52,"column":10}},"18":{"start":{"line":54,"column":8},"end":{"line":54,"column":14}},"19":{"start":{"line":58,"column":2},"end":{"line":58,"column":72}}},"fnMap":{"0":{"name":"(anonymous_0)","decl":{"start":{"line":7,"column":21},"end":{"line":7,"column":22}},"loc":{"start":{"line":7,"column":39},"end":{"line":19,"column":1}},"line":7},"1":{"name":"(anonymous_1)","decl":{"start":{"line":12,"column":9},"end":{"line":12,"column":10}},"loc":{"start":{"line":12,"column":25},"end":{"line":12,"column":95}},"line":12},"2":{"name":"(anonymous_2)","decl":{"start":{"line":21,"column":18},"end":{"line":21,"column":19}},"loc":{"start":{"line":21,"column":28},"end":{"line":59,"column":1}},"line":21},"3":{"name":"(anonymous_3)","decl":{"start":{"line":22,"column":21},"end":{"line":22,"column":22}},"loc":{"start":{"line":22,"column":45},"end":{"line":56,"column":4}},"line":22},"4":{"name":"(anonymous_4)","decl":{"start":{"line":22,"column":65},"end":{"line":22,"column":66}},"loc":{"start":{"line":22,"column":78},"end":{"line":56,"column":3}},"line":22}},"branchMap":{"0":{"loc":{"start":{"line":8,"column":2},"end":{"line":8,"column":37}},"type":"if","locations":[{"start":{"line":8,"column":2},"end":{"line":8,"column":37}},{"start":{},"end":{}}],"line":8},"1":{"loc":{"start":{"line":37,"column":4},"end":{"line":55,"column":5}},"type":"switch","locations":[{"start":{"line":38,"column":6},"end":{"line":38,"column":19}},{"start":{"line":39,"column":6},"end":{"line":39,"column":21}},{"start":{"line":40,"column":6},"end":{"line":41,"column":103}},{"start":{"line":42,"column":6},"end":{"line":46,"column":10}},{"start":{"line":47,"column":6},"end":{"line":52,"column":10}},{"start":{"line":53,"column":6},"end":{"line":54,"column":14}}],"line":37}},"s":{"0":1,"1":1,"2":1,"3":1,"4":54,"5":40,"6":14,"7":18,"8":14,"9":1,"10":2,"11":10,"12":36,"13":36,"14":36,"15":20,"16":8,"17":8,"18":0,"19":2},"f":{"0":54,"1":18,"2":2,"3":10,"4":36},"b":{"0":[40,14],"1":[10,14,20,8,8,0]},"_coverageSchema":"1a1c01bbd47fc00a2c39e90264f33305004495a9","hash":"1427af40fed6270adb56dda2e5e56c9e5d83a05d"}
}
