{"/home/nikita/projects/frontend-project-46/src/index.js": {"path":"/home/nikita/projects/frontend-project-46/src/index.js","statementMap":{"0":{"start":{"line":4,"column":16},"end":{"line":14,"column":1}},"1":{"start":{"line":5,"column":16},"end":{"line":5,"column":35}},"2":{"start":{"line":6,"column":16},"end":{"line":6,"column":35}},"3":{"start":{"line":8,"column":18},"end":{"line":8,"column":55}},"4":{"start":{"line":9,"column":18},"end":{"line":9,"column":55}},"5":{"start":{"line":11,"column":19},"end":{"line":11,"column":51}},"6":{"start":{"line":13,"column":2},"end":{"line":13,"column":32}}},"fnMap":{"0":{"name":"(anonymous_0)","decl":{"start":{"line":4,"column":16},"end":{"line":4,"column":17}},"loc":{"start":{"line":4,"column":50},"end":{"line":14,"column":1}},"line":4}},"branchMap":{},"s":{"0":1,"1":1,"2":1,"3":1,"4":1,"5":1,"6":1},"f":{"0":1},"b":{},"_coverageSchema":"1a1c01bbd47fc00a2c39e90264f33305004495a9","hash":"7446c2f20fa4ffcc4ddd7d49c07ea9398f56b29c"}
,"/home/nikita/projects/frontend-project-46/src/parsers.js": {"path":"/home/nikita/projects/frontend-project-46/src/parsers.js","statementMap":{"0":{"start":{"line":3,"column":22},"end":{"line":6,"column":1}},"1":{"start":{"line":8,"column":14},"end":{"line":8,"column":65}},"2":{"start":{"line":8,"column":35},"end":{"line":8,"column":65}}},"fnMap":{"0":{"name":"(anonymous_0)","decl":{"start":{"line":8,"column":14},"end":{"line":8,"column":15}},"loc":{"start":{"line":8,"column":35},"end":{"line":8,"column":65}},"line":8}},"branchMap":{},"s":{"0":1,"1":1,"2":2},"f":{"0":2},"b":{},"_coverageSchema":"1a1c01bbd47fc00a2c39e90264f33305004495a9","hash":"6c0c95778ecf5e0e8ffa40c2a7f333b32954216e"}
,"/home/nikita/projects/frontend-project-46/src/tools.js": {"path":"/home/nikita/projects/frontend-project-46/src/tools.js","statementMap":{"0":{"start":{"line":5,"column":28},"end":{"line":5,"column":73}},"1":{"start":{"line":5,"column":42},"end":{"line":5,"column":73}},"2":{"start":{"line":7,"column":24},"end":{"line":7,"column":85}},"3":{"start":{"line":7,"column":38},"end":{"line":7,"column":85}},"4":{"start":{"line":9,"column":22},"end":{"line":9,"column":57}},"5":{"start":{"line":9,"column":39},"end":{"line":9,"column":57}},"6":{"start":{"line":11,"column":30},"end":{"line":30,"column":1}},"7":{"start":{"line":12,"column":17},"end":{"line":27,"column":6}},"8":{"start":{"line":16,"column":6},"end":{"line":22,"column":7}},"9":{"start":{"line":17,"column":8},"end":{"line":17,"column":104}},"10":{"start":{"line":17,"column":43},"end":{"line":17,"column":104}},"11":{"start":{"line":19,"column":8},"end":{"line":21,"column":10}},"12":{"start":{"line":24,"column":6},"end":{"line":24,"column":128}},"13":{"start":{"line":24,"column":71},"end":{"line":24,"column":128}},"14":{"start":{"line":26,"column":6},"end":{"line":26,"column":65}},"15":{"start":{"line":29,"column":2},"end":{"line":29,"column":16}},"16":{"start":{"line":32,"column":28},"end":{"line":49,"column":1}},"17":{"start":{"line":33,"column":21},"end":{"line":33,"column":24}},"18":{"start":{"line":34,"column":22},"end":{"line":34,"column":25}},"19":{"start":{"line":36,"column":15},"end":{"line":46,"column":4}},"20":{"start":{"line":37,"column":4},"end":{"line":37,"column":73}},"21":{"start":{"line":37,"column":34},"end":{"line":37,"column":73}},"22":{"start":{"line":39,"column":4},"end":{"line":41,"column":5}},"23":{"start":{"line":40,"column":6},"end":{"line":40,"column":82}},"24":{"start":{"line":43,"column":4},"end":{"line":43,"column":69}},"25":{"start":{"line":43,"column":30},"end":{"line":43,"column":69}},"26":{"start":{"line":45,"column":4},"end":{"line":45,"column":43}},"27":{"start":{"line":48,"column":2},"end":{"line":48,"column":55}}},"fnMap":{"0":{"name":"(anonymous_0)","decl":{"start":{"line":5,"column":28},"end":{"line":5,"column":29}},"loc":{"start":{"line":5,"column":42},"end":{"line":5,"column":73}},"line":5},"1":{"name":"(anonymous_1)","decl":{"start":{"line":7,"column":24},"end":{"line":7,"column":25}},"loc":{"start":{"line":7,"column":38},"end":{"line":7,"column":85}},"line":7},"2":{"name":"(anonymous_2)","decl":{"start":{"line":9,"column":22},"end":{"line":9,"column":23}},"loc":{"start":{"line":9,"column":39},"end":{"line":9,"column":57}},"line":9},"3":{"name":"(anonymous_3)","decl":{"start":{"line":11,"column":30},"end":{"line":11,"column":31}},"loc":{"start":{"line":11,"column":52},"end":{"line":30,"column":1}},"line":11},"4":{"name":"(anonymous_4)","decl":{"start":{"line":14,"column":9},"end":{"line":14,"column":10}},"loc":{"start":{"line":14,"column":18},"end":{"line":27,"column":5}},"line":14},"5":{"name":"(anonymous_5)","decl":{"start":{"line":32,"column":28},"end":{"line":32,"column":29}},"loc":{"start":{"line":32,"column":42},"end":{"line":49,"column":1}},"line":32},"6":{"name":"(anonymous_6)","decl":{"start":{"line":36,"column":28},"end":{"line":36,"column":29}},"loc":{"start":{"line":36,"column":37},"end":{"line":46,"column":3}},"line":36}},"branchMap":{"0":{"loc":{"start":{"line":16,"column":6},"end":{"line":22,"column":7}},"type":"if","locations":[{"start":{"line":16,"column":6},"end":{"line":22,"column":7}},{"start":{},"end":{}}],"line":16},"1":{"loc":{"start":{"line":16,"column":10},"end":{"line":16,"column":68}},"type":"binary-expr","locations":[{"start":{"line":16,"column":10},"end":{"line":16,"column":37}},{"start":{"line":16,"column":41},"end":{"line":16,"column":68}}],"line":16},"2":{"loc":{"start":{"line":17,"column":8},"end":{"line":17,"column":104}},"type":"if","locations":[{"start":{"line":17,"column":8},"end":{"line":17,"column":104}},{"start":{},"end":{}}],"line":17},"3":{"loc":{"start":{"line":24,"column":6},"end":{"line":24,"column":128}},"type":"if","locations":[{"start":{"line":24,"column":6},"end":{"line":24,"column":128}},{"start":{},"end":{}}],"line":24},"4":{"loc":{"start":{"line":24,"column":10},"end":{"line":24,"column":69}},"type":"binary-expr","locations":[{"start":{"line":24,"column":10},"end":{"line":24,"column":38}},{"start":{"line":24,"column":42},"end":{"line":24,"column":69}}],"line":24},"5":{"loc":{"start":{"line":37,"column":4},"end":{"line":37,"column":73}},"type":"if","locations":[{"start":{"line":37,"column":4},"end":{"line":37,"column":73}},{"start":{},"end":{}}],"line":37},"6":{"loc":{"start":{"line":39,"column":4},"end":{"line":41,"column":5}},"type":"if","locations":[{"start":{"line":39,"column":4},"end":{"line":41,"column":5}},{"start":{},"end":{}}],"line":39},"7":{"loc":{"start":{"line":43,"column":4},"end":{"line":43,"column":69}},"type":"if","locations":[{"start":{"line":43,"column":4},"end":{"line":43,"column":69}},{"start":{},"end":{}}],"line":43}},"s":{"0":1,"1":2,"2":1,"3":2,"4":1,"5":13,"6":1,"7":1,"8":5,"9":2,"10":1,"11":1,"12":3,"13":1,"14":2,"15":1,"16":1,"17":1,"18":1,"19":1,"20":5,"21":1,"22":4,"23":1,"24":3,"25":1,"26":2,"27":1},"f":{"0":2,"1":2,"2":13,"3":1,"4":5,"5":1,"6":5},"b":{"0":[2,3],"1":[5,4],"2":[1,1],"3":[1,2],"4":[3,1],"5":[1,4],"6":[1,3],"7":[1,2]},"_coverageSchema":"1a1c01bbd47fc00a2c39e90264f33305004495a9","hash":"c4e189c1640d2fc6086afe558a513877a57fa633"}
}
