TN:
SF:src/index.js
FN:4,(anonymous_0)
FNF:1
FNH:1
FNDA:1,(anonymous_0)
DA:4,1
DA:5,1
DA:6,1
DA:8,1
DA:9,1
DA:11,1
DA:13,1
LF:7
LH:7
BRF:0
BRH:0
end_of_record
TN:
SF:src/parsers.js
FN:8,(anonymous_0)
FNF:1
FNH:1
FNDA:2,(anonymous_0)
DA:3,1
DA:8,2
LF:2
LH:2
BRF:0
BRH:0
end_of_record
TN:
SF:src/tools.js
FN:5,(anonymous_0)
FN:7,(anonymous_1)
FN:9,(anonymous_2)
FN:11,(anonymous_3)
FN:14,(anonymous_4)
FN:32,(anonymous_5)
FN:36,(anonymous_6)
FNF:7
FNH:7
FNDA:2,(anonymous_0)
FNDA:2,(anonymous_1)
FNDA:13,(anonymous_2)
FNDA:1,(anonymous_3)
FNDA:5,(anonymous_4)
FNDA:1,(anonymous_5)
FNDA:5,(anonymous_6)
DA:5,2
DA:7,2
DA:9,13
DA:11,1
DA:12,1
DA:16,5
DA:17,2
DA:19,1
DA:24,3
DA:26,2
DA:29,1
DA:32,1
DA:33,1
DA:34,1
DA:36,1
DA:37,5
DA:39,4
DA:40,1
DA:43,3
DA:45,2
DA:48,1
LF:21
LH:21
BRDA:16,0,0,2
BRDA:16,0,1,3
BRDA:16,1,0,5
BRDA:16,1,1,4
BRDA:17,2,0,1
BRDA:17,2,1,1
BRDA:24,3,0,1
BRDA:24,3,1,2
BRDA:24,4,0,3
BRDA:24,4,1,1
BRDA:37,5,0,1
BRDA:37,5,1,4
BRDA:39,6,0,1
BRDA:39,6,1,3
BRDA:43,7,0,1
BRDA:43,7,1,2
BRF:16
BRH:16
end_of_record
