TN:
SF:src/compare.js
FN:3,(anonymous_0)
FN:5,(anonymous_1)
FN:7,(anonymous_2)
FN:15,(anonymous_3)
FNF:4
FNH:4
FNDA:186,(anonymous_0)
FNDA:96,(anonymous_1)
FNDA:30,(anonymous_2)
FNDA:108,(anonymous_3)
DA:3,186
DA:5,96
DA:7,1
DA:8,30
DA:13,30
DA:16,108
DA:18,78
DA:20,66
DA:21,24
DA:22,24
DA:25,42
DA:27,24
LF:12
LH:12
BRDA:16,0,0,30
BRDA:16,0,1,78
BRDA:18,1,0,12
BRDA:18,1,1,66
BRDA:20,2,0,24
BRDA:20,2,1,42
BRDA:20,3,0,66
BRDA:20,3,1,30
BRDA:25,4,0,18
BRDA:25,4,1,24
BRF:10
BRH:10
end_of_record
TN:
SF:src/index.js
FN:6,(anonymous_0)
FNF:1
FNH:1
FNDA:6,(anonymous_0)
DA:6,1
DA:7,6
DA:8,6
DA:10,6
DA:11,6
DA:13,6
DA:15,6
LF:7
LH:7
BRDA:6,0,0,2
BRF:1
BRH:1
end_of_record
TN:
SF:src/parsers.js
FN:8,(anonymous_0)
FNF:1
FNH:1
FNDA:12,(anonymous_0)
DA:3,1
DA:8,12
LF:2
LH:2
BRF:0
BRH:0
end_of_record
TN:
SF:src/tools.js
FN:4,(anonymous_0)
FN:6,(anonymous_1)
FN:8,(anonymous_2)
FNF:3
FNH:3
FNDA:12,(anonymous_0)
FNDA:18,(anonymous_1)
FNDA:134,(anonymous_2)
DA:4,12
DA:6,18
DA:8,134
LF:3
LH:3
BRDA:8,0,0,134
BRDA:8,0,1,40
BRF:2
BRH:2
end_of_record
TN:
SF:src/formatters/index.js
FN:11,(anonymous_0)
FNF:1
FNH:1
FNDA:6,(anonymous_0)
DA:5,1
DA:11,6
LF:2
LH:2
BRF:0
BRH:0
end_of_record
TN:
SF:src/formatters/json.js
FN:3,(anonymous_0)
FN:7,(anonymous_1)
FN:14,(anonymous_2)
FN:15,(anonymous_3)
FNF:4
FNH:4
FNDA:54,(anonymous_0)
FNDA:18,(anonymous_1)
FNDA:10,(anonymous_2)
FNDA:36,(anonymous_3)
DA:3,1
DA:4,54
DA:5,14
DA:7,18
DA:8,14
DA:11,40
DA:14,1
DA:15,10
DA:16,36
DA:18,28
DA:20,20
DA:23,10
LF:12
LH:12
BRDA:4,0,0,14
BRDA:4,0,1,40
BRDA:16,1,0,8
BRDA:16,1,1,28
BRDA:18,2,0,8
BRDA:18,2,1,20
BRF:6
BRH:6
end_of_record
TN:
SF:src/formatters/plain.js
FN:3,(anonymous_0)
FN:11,(anonymous_1)
FN:12,(anonymous_2)
FN:30,(anonymous_3)
FNF:4
FNH:4
FNDA:26,(anonymous_0)
FNDA:10,(anonymous_1)
FNDA:36,(anonymous_2)
FNDA:36,(anonymous_3)
DA:3,1
DA:4,26
DA:6,20
DA:8,6
DA:11,10
DA:13,36
DA:15,36
DA:17,8
DA:19,6
DA:21,4
DA:23,10
DA:25,8
DA:27,0
DA:30,36
LF:14
LH:13
BRDA:4,0,0,6
BRDA:4,0,1,20
BRDA:6,1,0,14
BRDA:6,1,1,6
BRDA:11,2,0,2
BRDA:13,3,0,8
BRDA:13,3,1,28
BRDA:15,4,0,8
BRDA:15,4,1,6
BRDA:15,4,2,4
BRDA:15,4,3,10
BRDA:15,4,4,8
BRDA:15,4,5,0
BRF:13
BRH:12
end_of_record
TN:
SF:src/formatters/stylish.js
FN:7,(anonymous_0)
FN:12,(anonymous_1)
FN:21,(anonymous_2)
FN:22,(anonymous_3)
FN:22,(anonymous_4)
FNF:5
FNH:5
FNDA:54,(anonymous_0)
FNDA:18,(anonymous_1)
FNDA:2,(anonymous_2)
FNDA:10,(anonymous_3)
FNDA:36,(anonymous_4)
DA:3,1
DA:4,1
DA:5,1
DA:7,1
DA:8,54
DA:10,14
DA:12,18
DA:14,14
DA:21,1
DA:22,10
DA:29,36
DA:31,36
DA:37,36
DA:41,20
DA:43,8
DA:48,8
DA:54,0
DA:58,2
LF:18
LH:17
BRDA:8,0,0,40
BRDA:8,0,1,14
BRDA:37,1,0,10
BRDA:37,1,1,14
BRDA:37,1,2,20
BRDA:37,1,3,8
BRDA:37,1,4,8
BRDA:37,1,5,0
BRF:8
BRH:7
end_of_record
